<?xml version="1.0" encoding="UTF-8"?>
<testsuite xmlns:xsi="http://www.w3.org/2001/XMLSchema-instance" xsi:noNamespaceSchemaLocation="https://maven.apache.org/surefire/maven-surefire-plugin/xsd/surefire-test-report-3.0.xsd" version="3.0" name="Runner.TestRunner" time="25.686" tests="2" errors="0" skipped="0" failures="0">
  <properties>
[...]
</properties>
  <testcase name="Invalid login shows error" classname="SauceDemo Invalid Login" time="9.102">
    <system-out><![CDATA[
Scenario: Invalid login shows error                   # src/test/java/features/InvalidLogin.feature:3
  ✔ Given I am on the SauceDemo login page            # steps.stepdefinition.i_am_on_the_sauce_demo_login_page()
  ✔ When I login with invalid username                # steps.stepdefinition.i_login_with_invalid_username()
  ✔ And I login with invalid password                 # steps.stepdefinition.i_login_with_invalid_password()
  ✔ And I click on the login button                   # steps.stepdefinition.i_click_on_the_login_button()
  ✔ Then I should see an authentication error message # steps.stepdefinition.i_should_see_an_authentication_error_message()
]]></system-out>
    <system-err><![CDATA[SLF4J(W): No SLF4J providers were found.
SLF4J(W): Defaulting to no-operation (NOP) logger implementation
SLF4J(W): See https://www.slf4j.org/codes.html#noProviders for further details.
]]></system-err>
  </testcase>
  <testcase name="Successful purchase of a single product" classname="SauceDemo Purchase Flow" time="15.429">
    <system-out><![CDATA[
Scenario: Successful purchase of a single product # src/test/java/features/saucedemo.feature:3
  ✔ Given I am on the SauceDemo login page        # steps.stepdefinition.i_am_on_the_sauce_demo_login_page()
  ✔ When I login with valid username              # steps.stepdefinition.i_login_with_valid_username()
  ✔ And I login with valid password               # steps.stepdefinition.i_login_with_valid_password()
  ✔ And I click on the login button               # steps.stepdefinition.i_click_on_the_login_button()
  ✔ And I add "Sauce Labs Backpack" to the cart   # steps.stepdefinition.i_add_to_the_cart(java.lang.String)
  ✔ And I checkout with valid customer details    # steps.stepdefinition.i_checkout_with_valid_customer_details()
  ✔ Then I should see the order confirmation page # steps.stepdefinition.i_should_see_the_order_confirmation_page()
]]></system-out>
  </testcase>
</testsuite>